[2021-03-29 16:58:54,997]      root -     INFO - Setting nodes : 
[2021-03-29 16:58:55,005]      root -     INFO - Message receiver started
[2021-03-29 16:58:55,006]      root -     INFO - RTLS Manager started
[2021-03-29 16:58:57,010]      root -     INFO - Done setting node
[2021-03-29 16:58:57,016]  rtlsnode -     INFO - PASSIVE : 80:6F:B0:31:FB:AF <-- {'type': 'Command', 'command': 'RTLS_CMD_RESET_DEVICE', 'payload': None}
[2021-03-29 16:58:57,018]  rtlsnode -     INFO - MASTER  : 80:6F:B0:EE:AC:E1 <-- {'type': 'Command', 'command': 'RTLS_CMD_RESET_DEVICE', 'payload': None}
[2021-03-29 16:58:57,130]      root -  WARNING - ConstError('parsing expected 254 but parsed 0')
[2021-03-29 16:58:57,132]      root -  WARNING - ConstError('parsing expected 254 but parsed 0')
[2021-03-29 16:58:57,144]      root -     INFO - PASSIVE : 80:6F:B0:31:FB:AF --> {'type': 'Event', 'command': 'RTLS_CMD_RESET_DEVICE', 'payload': {'raw_payload': ''}}
[2021-03-29 16:58:57,147]      root -     INFO - MASTER  : 80:6F:B0:EE:AC:E1 --> {'type': 'Event', 'command': 'RTLS_CMD_RESET_DEVICE', 'payload': {'raw_payload': ''}}
[2021-03-29 16:58:57,238]  rtlsnode -     INFO - MASTER  : 80:6F:B0:EE:AC:E1 <-- {'type': 'Command', 'command': 'RTLS_CMD_SCAN', 'payload': None}
[2021-03-29 16:58:57,328]      root -     INFO - MASTER  : 80:6F:B0:EE:AC:E1 --> {'type': 'Response', 'command': 'RTLS_CMD_SCAN', 'payload': {'status': 'RTLS_SUCCESS'}}
[2021-03-29 16:58:59,300]      root -     INFO - MASTER  : 80:6F:B0:EE:AC:E1 --> {'type': 'Event', 'command': 'RTLS_CMD_SCAN_STOP', 'payload': {'status': 'RTLS_SUCCESS'}}
[2021-03-29 16:58:59,399]  rtlsnode -     INFO - MASTER  : 80:6F:B0:EE:AC:E1 <-- {'type': 'Command', 'command': 'RTLS_CMD_SCAN', 'payload': None}
[2021-03-29 16:58:59,521]      root -     INFO - MASTER  : 80:6F:B0:EE:AC:E1 --> {'type': 'Response', 'command': 'RTLS_CMD_SCAN', 'payload': {'status': 'RTLS_SUCCESS'}}
[2021-03-29 16:59:01,512]      root -     INFO - MASTER  : 80:6F:B0:EE:AC:E1 --> {'type': 'Event', 'command': 'RTLS_CMD_SCAN_STOP', 'payload': {'status': 'RTLS_SUCCESS'}}
[2021-03-29 16:59:01,542]  rtlsnode -     INFO - MASTER  : 80:6F:B0:EE:AC:E1 <-- {'type': 'Command', 'command': 'RTLS_CMD_SCAN', 'payload': None}
[2021-03-29 16:59:01,627]      root -     INFO - MASTER  : 80:6F:B0:EE:AC:E1 --> {'type': 'Response', 'command': 'RTLS_CMD_SCAN', 'payload': {'status': 'RTLS_SUCCESS'}}
[2021-03-29 16:59:03,604]      root -     INFO - MASTER  : 80:6F:B0:EE:AC:E1 --> {'type': 'Event', 'command': 'RTLS_CMD_SCAN_STOP', 'payload': {'status': 'RTLS_SUCCESS'}}
[2021-03-29 16:59:03,690]  rtlsnode -     INFO - PASSIVE : 80:6F:B0:31:FB:AF <-- {'type': 'Command', 'command': 'RTLS_CMD_IDENTIFY', 'payload': None}
[2021-03-29 16:59:03,693]  rtlsnode -     INFO - MASTER  : 80:6F:B0:EE:AC:E1 <-- {'type': 'Command', 'command': 'RTLS_CMD_IDENTIFY', 'payload': None}
[2021-03-29 16:59:03,794]      root -     INFO - PASSIVE : 80:6F:B0:31:FB:AF --> {'type': 'Response', 'command': 'RTLS_CMD_IDENTIFY', 'payload': {'capabilities': {'CM': True, 'AOA_TX': False, 'AOA_RX': True, 'TOF_SLAVE': False, 'TOF_PASSIVE': False, 'TOF_MASTER': False, 'RTLS_SLAVE': False, 'RTLS_MASTER': False, 'RTLS_PASSIVE': True}, 'revNum': 2, 'devId': 'DeviceFamily_ID_CC26X2', 'identifier': '80:6F:B0:31:FB:AF'}}
[2021-03-29 16:59:03,796]      root -     INFO - MASTER  : 80:6F:B0:EE:AC:E1 --> {'type': 'Response', 'command': 'RTLS_CMD_IDENTIFY', 'payload': {'capabilities': {'CM': False, 'AOA_TX': False, 'AOA_RX': True, 'TOF_SLAVE': False, 'TOF_PASSIVE': False, 'TOF_MASTER': False, 'RTLS_SLAVE': False, 'RTLS_MASTER': True, 'RTLS_PASSIVE': False}, 'revNum': 2, 'devId': 'DeviceFamily_ID_CC26X2', 'identifier': '80:6F:B0:EE:AC:E1'}}
[2021-03-29 16:59:03,801]      root -     INFO - AOA Stopped
