[2021-03-29 17:16:37,013]      root -     INFO - Setting nodes : 
[2021-03-29 17:16:37,015]      root -     INFO - Message receiver started
[2021-03-29 17:16:37,016]      root -     INFO - RTLS Manager started
[2021-03-29 17:16:39,021]      root -     INFO - Done setting node
[2021-03-29 17:16:39,029]  rtlsnode -     INFO - PASSIVE : 80:6F:B0:31:FB:AF <-- {'type': 'Command', 'command': 'RTLS_CMD_RESET_DEVICE', 'payload': None}
[2021-03-29 17:16:39,032]  rtlsnode -     INFO - MASTER  : 80:6F:B0:EE:AC:E1 <-- {'type': 'Command', 'command': 'RTLS_CMD_RESET_DEVICE', 'payload': None}
[2021-03-29 17:16:39,103]      root -  WARNING - ConstError('parsing expected 254 but parsed 0')
[2021-03-29 17:16:39,113]      root -     INFO - PASSIVE : 80:6F:B0:31:FB:AF --> {'type': 'Event', 'command': 'RTLS_CMD_RESET_DEVICE', 'payload': {'raw_payload': ''}}
[2021-03-29 17:16:39,126]      root -  WARNING - ConstError('parsing expected 254 but parsed 0')
[2021-03-29 17:16:39,189]      root -     INFO - MASTER  : 80:6F:B0:EE:AC:E1 --> {'type': 'Event', 'command': 'RTLS_CMD_RESET_DEVICE', 'payload': {'raw_payload': ''}}
[2021-03-29 17:16:39,255]  rtlsnode -     INFO - MASTER  : 80:6F:B0:EE:AC:E1 <-- {'type': 'Command', 'command': 'RTLS_CMD_SCAN', 'payload': None}
[2021-03-29 17:16:39,380]      root -     INFO - MASTER  : 80:6F:B0:EE:AC:E1 --> {'type': 'Response', 'command': 'RTLS_CMD_SCAN', 'payload': {'status': 'RTLS_SUCCESS'}}
[2021-03-29 17:16:39,451]      root -     INFO - MASTER  : 80:6F:B0:EE:AC:E1 --> {'type': 'Event', 'command': 'RTLS_CMD_SCAN', 'payload': {'eventType': 19, 'addrType': 0, 'addr': '80:6F:B0:31:D7:F1', 'rssi': -68, 'dataLen': 14, 'data': '0A:08:52:54:4C:53:53:6C:61:76:65:02:01:06'}}
[2021-03-29 17:16:41,399]      root -     INFO - MASTER  : 80:6F:B0:EE:AC:E1 --> {'type': 'Event', 'command': 'RTLS_CMD_SCAN_STOP', 'payload': {'status': 'RTLS_SUCCESS'}}
[2021-03-29 17:16:41,499]  rtlsnode -     INFO - MASTER  : 80:6F:B0:EE:AC:E1 <-- {'type': 'Command', 'command': 'RTLS_CMD_SCAN', 'payload': None}
[2021-03-29 17:16:41,580]      root -     INFO - MASTER  : 80:6F:B0:EE:AC:E1 --> {'type': 'Response', 'command': 'RTLS_CMD_SCAN', 'payload': {'status': 'RTLS_SUCCESS'}}
[2021-03-29 17:16:41,642]      root -     INFO - MASTER  : 80:6F:B0:EE:AC:E1 --> {'type': 'Event', 'command': 'RTLS_CMD_SCAN', 'payload': {'eventType': 19, 'addrType': 0, 'addr': '80:6F:B0:31:D7:F1', 'rssi': -76, 'dataLen': 14, 'data': '0A:08:52:54:4C:53:53:6C:61:76:65:02:01:06'}}
[2021-03-29 17:16:43,543]      root -     INFO - MASTER  : 80:6F:B0:EE:AC:E1 --> {'type': 'Event', 'command': 'RTLS_CMD_SCAN_STOP', 'payload': {'status': 'RTLS_SUCCESS'}}
[2021-03-29 17:16:43,619]  rtlsnode -     INFO - MASTER  : 80:6F:B0:EE:AC:E1 <-- {'type': 'Command', 'command': 'RTLS_CMD_SCAN', 'payload': None}
[2021-03-29 17:16:43,725]      root -     INFO - MASTER  : 80:6F:B0:EE:AC:E1 --> {'type': 'Response', 'command': 'RTLS_CMD_SCAN', 'payload': {'status': 'RTLS_SUCCESS'}}
[2021-03-29 17:16:43,792]      root -     INFO - MASTER  : 80:6F:B0:EE:AC:E1 --> {'type': 'Event', 'command': 'RTLS_CMD_SCAN', 'payload': {'eventType': 19, 'addrType': 0, 'addr': '80:6F:B0:31:D7:F1', 'rssi': -71, 'dataLen': 14, 'data': '0A:08:52:54:4C:53:53:6C:61:76:65:02:01:06'}}
[2021-03-29 17:16:45,725]      root -     INFO - MASTER  : 80:6F:B0:EE:AC:E1 --> {'type': 'Event', 'command': 'RTLS_CMD_SCAN_STOP', 'payload': {'status': 'RTLS_SUCCESS'}}
[2021-03-29 17:16:45,769]  rtlsnode -     INFO - MASTER  : 80:6F:B0:EE:AC:E1 <-- {'type': 'Command', 'command': 'RTLS_CMD_CONNECT', 'payload': {'addrType': 0, 'peerAddr': '80:6F:B0:31:D7:F1', 'connInterval': 240}}
[2021-03-29 17:16:45,858]  rtlsnode -     INFO - PASSIVE : 80:6F:B0:31:FB:AF <-- {'type': 'Command', 'command': 'RTLS_CMD_CONN_PARAMS', 'payload': {'connHandle': 0, 'accessAddress': 1990844238, 'connInterval': 480, 'hopValue': 13, 'mSCA': 0, 'currChan': 13, 'chanMap': [255, 255, 255, 255, 31], 'crcInit': 7537319}}
[2021-03-29 17:16:45,859]      root -     INFO - MASTER  : 80:6F:B0:EE:AC:E1 --> {'type': 'Response', 'command': 'RTLS_CMD_CONNECT', 'payload': {'status': 'RTLS_SUCCESS'}}
[2021-03-29 17:16:45,862]      root -     INFO - MASTER  : 80:6F:B0:EE:AC:E1 --> {'type': 'Event', 'command': 'RTLS_CMD_CONN_PARAMS', 'payload': {'connHandle': 0, 'accessAddress': 1990844238, 'connInterval': 480, 'hopValue': 13, 'mSCA': 0, 'currChan': 13, 'chanMap': [255, 255, 255, 255, 31], 'crcInit': 7537319, 'peerAddr': '80:6F:B0:31:D7:F1'}}
[2021-03-29 17:16:45,959]      root -     INFO - PASSIVE : 80:6F:B0:31:FB:AF --> {'type': 'Response', 'command': 'RTLS_CMD_CONN_PARAMS', 'payload': {'status': 'RTLS_SUCCESS'}}
[2021-03-29 17:16:46,576]      root -     INFO - PASSIVE : 80:6F:B0:31:FB:AF --> {'type': 'Event', 'command': 'RTLS_CMD_CONNECT', 'payload': {'connHandle': 0, 'status': 'RTLS_SUCCESS'}}
[2021-03-29 17:16:47,674]      root -     INFO - MASTER  : 80:6F:B0:EE:AC:E1 --> {'type': 'Event', 'command': 'RTLS_CMD_CONNECT', 'payload': {'connHandle': 0, 'status': 'RTLS_LINK_TERMINATED'}}
[2021-03-29 17:16:47,704]  rtlsnode -     INFO - PASSIVE : 80:6F:B0:31:FB:AF <-- {'type': 'Command', 'command': 'RTLS_CMD_IDENTIFY', 'payload': None}
[2021-03-29 17:16:47,705]  rtlsnode -     INFO - MASTER  : 80:6F:B0:EE:AC:E1 <-- {'type': 'Command', 'command': 'RTLS_CMD_IDENTIFY', 'payload': None}
[2021-03-29 17:16:47,791]      root -     INFO - PASSIVE : 80:6F:B0:31:FB:AF --> {'type': 'Response', 'command': 'RTLS_CMD_IDENTIFY', 'payload': {'capabilities': {'CM': True, 'AOA_TX': False, 'AOA_RX': True, 'TOF_SLAVE': False, 'TOF_PASSIVE': False, 'TOF_MASTER': False, 'RTLS_SLAVE': False, 'RTLS_MASTER': False, 'RTLS_PASSIVE': True}, 'revNum': 2, 'devId': 'DeviceFamily_ID_CC26X2', 'identifier': '80:6F:B0:31:FB:AF'}}
[2021-03-29 17:16:47,792]      root -     INFO - MASTER  : 80:6F:B0:EE:AC:E1 --> {'type': 'Response', 'command': 'RTLS_CMD_IDENTIFY', 'payload': {'capabilities': {'CM': False, 'AOA_TX': False, 'AOA_RX': True, 'TOF_SLAVE': False, 'TOF_PASSIVE': False, 'TOF_MASTER': False, 'RTLS_SLAVE': False, 'RTLS_MASTER': True, 'RTLS_PASSIVE': False}, 'revNum': 2, 'devId': 'DeviceFamily_ID_CC26X2', 'identifier': '80:6F:B0:EE:AC:E1'}}
[2021-03-29 17:16:57,267]      root -     INFO - PASSIVE : 80:6F:B0:31:FB:AF --> {'type': 'Event', 'command': 'RTLS_CMD_CONNECT', 'payload': {'connHandle': 0, 'status': 'RTLS_LINK_TERMINATED'}}
[2021-03-29 17:16:57,556]      root -     INFO - PASSIVE : 80:6F:B0:31:FB:AF --> {'type': 'Event', 'command': 'RTLS_CMD_CONNECT', 'payload': {'connHandle': 255, 'status': 'RTLS_SUCCESS'}}
[2021-03-29 17:17:03,949]  rtlsnode -     INFO - PASSIVE : 80:6F:B0:31:FB:AF <-- {'type': 'Command', 'command': 'RTLS_CMD_IDENTIFY', 'payload': None}
[2021-03-29 17:17:03,951]  rtlsnode -     INFO - MASTER  : 80:6F:B0:EE:AC:E1 <-- {'type': 'Command', 'command': 'RTLS_CMD_IDENTIFY', 'payload': None}
[2021-03-29 17:17:04,072]      root -     INFO - PASSIVE : 80:6F:B0:31:FB:AF --> {'type': 'Response', 'command': 'RTLS_CMD_IDENTIFY', 'payload': {'capabilities': {'CM': True, 'AOA_TX': False, 'AOA_RX': True, 'TOF_SLAVE': False, 'TOF_PASSIVE': False, 'TOF_MASTER': False, 'RTLS_SLAVE': False, 'RTLS_MASTER': False, 'RTLS_PASSIVE': True}, 'revNum': 2, 'devId': 'DeviceFamily_ID_CC26X2', 'identifier': '80:6F:B0:31:FB:AF'}}
[2021-03-29 17:17:04,073]      root -     INFO - MASTER  : 80:6F:B0:EE:AC:E1 --> {'type': 'Response', 'command': 'RTLS_CMD_IDENTIFY', 'payload': {'capabilities': {'CM': False, 'AOA_TX': False, 'AOA_RX': True, 'TOF_SLAVE': False, 'TOF_PASSIVE': False, 'TOF_MASTER': False, 'RTLS_SLAVE': False, 'RTLS_MASTER': True, 'RTLS_PASSIVE': False}, 'revNum': 2, 'devId': 'DeviceFamily_ID_CC26X2', 'identifier': '80:6F:B0:EE:AC:E1'}}
[2021-03-29 17:17:04,166]      root -     INFO - AOA Stopped
