[2021-03-29 16:53:28,972]      root -     INFO - Setting nodes : 
[2021-03-29 16:53:28,980]      root -     INFO - Message receiver started
[2021-03-29 16:53:28,981]      root -     INFO - RTLS Manager started
[2021-03-29 16:53:30,989]      root -     INFO - Done setting node
[2021-03-29 16:53:30,997]  rtlsnode -     INFO - PASSIVE : 80:6F:B0:31:FB:AF <-- {'type': 'Command', 'command': 'RTLS_CMD_RESET_DEVICE', 'payload': None}
[2021-03-29 16:53:30,997]  rtlsnode -     INFO - MASTER  : 80:6F:B0:EE:AC:E1 <-- {'type': 'Command', 'command': 'RTLS_CMD_RESET_DEVICE', 'payload': None}
[2021-03-29 16:53:31,110]      root -  WARNING - ConstError('parsing expected 254 but parsed 0')
[2021-03-29 16:53:31,112]      root -  WARNING - ConstError('parsing expected 254 but parsed 0')
[2021-03-29 16:53:31,122]      root -     INFO - PASSIVE : 80:6F:B0:31:FB:AF --> {'type': 'Event', 'command': 'RTLS_CMD_RESET_DEVICE', 'payload': {'raw_payload': ''}}
[2021-03-29 16:53:31,183]      root -     INFO - MASTER  : 80:6F:B0:EE:AC:E1 --> {'type': 'Event', 'command': 'RTLS_CMD_RESET_DEVICE', 'payload': {'raw_payload': ''}}
[2021-03-29 16:53:31,222]  rtlsnode -     INFO - MASTER  : 80:6F:B0:EE:AC:E1 <-- {'type': 'Command', 'command': 'RTLS_CMD_SCAN', 'payload': None}
[2021-03-29 16:53:31,304]      root -     INFO - MASTER  : 80:6F:B0:EE:AC:E1 --> {'type': 'Response', 'command': 'RTLS_CMD_SCAN', 'payload': {'status': 'RTLS_SUCCESS'}}
[2021-03-29 16:53:31,488]      root -     INFO - MASTER  : 80:6F:B0:EE:AC:E1 --> {'type': 'Event', 'command': 'RTLS_CMD_SCAN', 'payload': {'eventType': 19, 'addrType': 0, 'addr': '80:6F:B0:31:D7:F1', 'rssi': -71, 'dataLen': 14, 'data': '0A:08:52:54:4C:53:53:6C:61:76:65:02:01:06'}}
[2021-03-29 16:53:33,317]      root -     INFO - MASTER  : 80:6F:B0:EE:AC:E1 --> {'type': 'Event', 'command': 'RTLS_CMD_SCAN_STOP', 'payload': {'status': 'RTLS_SUCCESS'}}
[2021-03-29 16:53:33,354]  rtlsnode -     INFO - MASTER  : 80:6F:B0:EE:AC:E1 <-- {'type': 'Command', 'command': 'RTLS_CMD_SCAN', 'payload': None}
[2021-03-29 16:53:33,433]      root -     INFO - MASTER  : 80:6F:B0:EE:AC:E1 --> {'type': 'Response', 'command': 'RTLS_CMD_SCAN', 'payload': {'status': 'RTLS_SUCCESS'}}
[2021-03-29 16:53:33,549]      root -     INFO - MASTER  : 80:6F:B0:EE:AC:E1 --> {'type': 'Event', 'command': 'RTLS_CMD_SCAN', 'payload': {'eventType': 19, 'addrType': 0, 'addr': '80:6F:B0:31:D7:F1', 'rssi': -80, 'dataLen': 14, 'data': '0A:08:52:54:4C:53:53:6C:61:76:65:02:01:06'}}
[2021-03-29 16:53:35,409]      root -     INFO - MASTER  : 80:6F:B0:EE:AC:E1 --> {'type': 'Event', 'command': 'RTLS_CMD_SCAN_STOP', 'payload': {'status': 'RTLS_SUCCESS'}}
[2021-03-29 16:53:35,493]  rtlsnode -     INFO - MASTER  : 80:6F:B0:EE:AC:E1 <-- {'type': 'Command', 'command': 'RTLS_CMD_SCAN', 'payload': None}
[2021-03-29 16:53:35,582]      root -     INFO - MASTER  : 80:6F:B0:EE:AC:E1 --> {'type': 'Response', 'command': 'RTLS_CMD_SCAN', 'payload': {'status': 'RTLS_SUCCESS'}}
[2021-03-29 16:53:35,645]      root -     INFO - MASTER  : 80:6F:B0:EE:AC:E1 --> {'type': 'Event', 'command': 'RTLS_CMD_SCAN', 'payload': {'eventType': 19, 'addrType': 0, 'addr': '80:6F:B0:31:D7:F1', 'rssi': -71, 'dataLen': 14, 'data': '0A:08:52:54:4C:53:53:6C:61:76:65:02:01:06'}}
[2021-03-29 16:53:37,618]      root -     INFO - MASTER  : 80:6F:B0:EE:AC:E1 --> {'type': 'Event', 'command': 'RTLS_CMD_SCAN_STOP', 'payload': {'status': 'RTLS_SUCCESS'}}
[2021-03-29 16:53:37,643]  rtlsnode -     INFO - MASTER  : 80:6F:B0:EE:AC:E1 <-- {'type': 'Command', 'command': 'RTLS_CMD_CONNECT', 'payload': {'addrType': 0, 'peerAddr': '80:6F:B0:31:D7:F1', 'connInterval': 240}}
[2021-03-29 16:53:37,737]      root -     INFO - MASTER  : 80:6F:B0:EE:AC:E1 --> {'type': 'Response', 'command': 'RTLS_CMD_CONNECT', 'payload': {'status': 'RTLS_SUCCESS'}}
[2021-03-29 16:53:37,855]  rtlsnode -     INFO - PASSIVE : 80:6F:B0:31:FB:AF <-- {'type': 'Command', 'command': 'RTLS_CMD_CONN_PARAMS', 'payload': {'connHandle': 0, 'accessAddress': 1145450859, 'connInterval': 480, 'hopValue': 13, 'mSCA': 0, 'currChan': 13, 'chanMap': [255, 255, 255, 255, 31], 'crcInit': 15654204}}
[2021-03-29 16:53:37,857]      root -     INFO - MASTER  : 80:6F:B0:EE:AC:E1 --> {'type': 'Event', 'command': 'RTLS_CMD_CONN_PARAMS', 'payload': {'connHandle': 0, 'accessAddress': 1145450859, 'connInterval': 480, 'hopValue': 13, 'mSCA': 0, 'currChan': 13, 'chanMap': [255, 255, 255, 255, 31], 'crcInit': 15654204, 'peerAddr': '80:6F:B0:31:D7:F1'}}
[2021-03-29 16:53:37,965]      root -     INFO - PASSIVE : 80:6F:B0:31:FB:AF --> {'type': 'Response', 'command': 'RTLS_CMD_CONN_PARAMS', 'payload': {'status': 'RTLS_SUCCESS'}}
[2021-03-29 16:53:38,582]      root -     INFO - PASSIVE : 80:6F:B0:31:FB:AF --> {'type': 'Event', 'command': 'RTLS_CMD_CONNECT', 'payload': {'connHandle': 0, 'status': 'RTLS_SUCCESS'}}
[2021-03-29 16:53:39,644]      root -     INFO - MASTER  : 80:6F:B0:EE:AC:E1 --> {'type': 'Event', 'command': 'RTLS_CMD_CONNECT', 'payload': {'connHandle': 0, 'status': 'RTLS_LINK_TERMINATED'}}
[2021-03-29 16:53:39,656]  rtlsnode -     INFO - PASSIVE : 80:6F:B0:31:FB:AF <-- {'type': 'Command', 'command': 'RTLS_CMD_IDENTIFY', 'payload': None}
[2021-03-29 16:53:39,657]  rtlsnode -     INFO - MASTER  : 80:6F:B0:EE:AC:E1 <-- {'type': 'Command', 'command': 'RTLS_CMD_IDENTIFY', 'payload': None}
[2021-03-29 16:53:39,779]      root -     INFO - PASSIVE : 80:6F:B0:31:FB:AF --> {'type': 'Response', 'command': 'RTLS_CMD_IDENTIFY', 'payload': {'capabilities': {'CM': True, 'AOA_TX': False, 'AOA_RX': True, 'TOF_SLAVE': False, 'TOF_PASSIVE': False, 'TOF_MASTER': False, 'RTLS_SLAVE': False, 'RTLS_MASTER': False, 'RTLS_PASSIVE': True}, 'revNum': 2, 'devId': 'DeviceFamily_ID_CC26X2', 'identifier': '80:6F:B0:31:FB:AF'}}
[2021-03-29 16:53:39,780]      root -     INFO - MASTER  : 80:6F:B0:EE:AC:E1 --> {'type': 'Response', 'command': 'RTLS_CMD_IDENTIFY', 'payload': {'capabilities': {'CM': False, 'AOA_TX': False, 'AOA_RX': True, 'TOF_SLAVE': False, 'TOF_PASSIVE': False, 'TOF_MASTER': False, 'RTLS_SLAVE': False, 'RTLS_MASTER': True, 'RTLS_PASSIVE': False}, 'revNum': 2, 'devId': 'DeviceFamily_ID_CC26X2', 'identifier': '80:6F:B0:EE:AC:E1'}}
[2021-03-29 16:53:49,205]      root -     INFO - PASSIVE : 80:6F:B0:31:FB:AF --> {'type': 'Event', 'command': 'RTLS_CMD_CONNECT', 'payload': {'connHandle': 0, 'status': 'RTLS_LINK_TERMINATED'}}
[2021-03-29 16:53:49,524]      root -     INFO - PASSIVE : 80:6F:B0:31:FB:AF --> {'type': 'Event', 'command': 'RTLS_CMD_CONNECT', 'payload': {'connHandle': 255, 'status': 'RTLS_SUCCESS'}}
[2021-03-29 16:54:09,900]  rtlsnode -     INFO - PASSIVE : 80:6F:B0:31:FB:AF <-- {'type': 'Command', 'command': 'RTLS_CMD_IDENTIFY', 'payload': None}
[2021-03-29 16:54:09,901]  rtlsnode -     INFO - MASTER  : 80:6F:B0:EE:AC:E1 <-- {'type': 'Command', 'command': 'RTLS_CMD_IDENTIFY', 'payload': None}
[2021-03-29 16:54:09,976]      root -     INFO - PASSIVE : 80:6F:B0:31:FB:AF --> {'type': 'Response', 'command': 'RTLS_CMD_IDENTIFY', 'payload': {'capabilities': {'CM': True, 'AOA_TX': False, 'AOA_RX': True, 'TOF_SLAVE': False, 'TOF_PASSIVE': False, 'TOF_MASTER': False, 'RTLS_SLAVE': False, 'RTLS_MASTER': False, 'RTLS_PASSIVE': True}, 'revNum': 2, 'devId': 'DeviceFamily_ID_CC26X2', 'identifier': '80:6F:B0:31:FB:AF'}}
[2021-03-29 16:54:09,977]      root -     INFO - MASTER  : 80:6F:B0:EE:AC:E1 --> {'type': 'Response', 'command': 'RTLS_CMD_IDENTIFY', 'payload': {'capabilities': {'CM': False, 'AOA_TX': False, 'AOA_RX': True, 'TOF_SLAVE': False, 'TOF_PASSIVE': False, 'TOF_MASTER': False, 'RTLS_SLAVE': False, 'RTLS_MASTER': True, 'RTLS_PASSIVE': False}, 'revNum': 2, 'devId': 'DeviceFamily_ID_CC26X2', 'identifier': '80:6F:B0:EE:AC:E1'}}
[2021-03-29 16:54:10,003]      root -     INFO - AOA Stopped
